<?xml version="1.0" encoding="UTF-8"?>
<!-- Generated by org.testng.reporters.JUnitReportReporter -->
<testsuite skipped="0" hostname="perennial-desktop" name="com.perennial.pageObject.SignInCompose" tests="1" failures="0" timestamp="07 Jun 2017 12:05:01 GMT" time="21.778" errors="0">
  <testcase name="initiateTest" time="21.778" classname="com.perennial.pageObject.SignInCompose"/>
</testsuite> <!-- com.perennial.pageObject.SignInCompose -->
